14:05:02.722 [main] DEBUG com.UrbanLadder.BaseClass.Useable_Classes - Invoking Browser
14:05:02.724 [main] DEBUG com.UrbanLadder.BaseClass.Useable_Classes - Reading Properties File
14:05:02.725 [main] INFO  com.UrbanLadder.BaseClass.Useable_Classes - Properties File read Successfully
14:05:05.735 [main] INFO  com.UrbanLadder.BaseClass.Useable_Classes - Chrome Driver Invoked
14:05:05.735 [main] DEBUG com.UrbanLadder.BaseClass.Useable_Classes - Maximizing Window
14:05:06.874 [main] INFO  com.UrbanLadder.BaseClass.Useable_Classes - Window Maximized
14:05:06.910 [main] INFO  com.UrbanLadder.BaseClass.Useable_Classes - Browser Invoked Successfully
14:05:06.910 [main] DEBUG com.UrbanLadder.BaseClass.Useable_Classes - Hitting URL
14:05:12.514 [main] INFO  com.UrbanLadder.BaseClass.Useable_Classes - URL Opened
14:05:12.514 [main] INFO  com.UrbanLadder.BaseClass.Useable_Classes - Homepage Opened Successfully
14:05:12.540 [main] DEBUG com.UrbanLadder.BaseClass.Useable_Classes - Waiting for Popup
14:05:20.303 [main] INFO  com.UrbanLadder.BaseClass.Useable_Classes - PopUp appeared, WebDriverWait applied successfully
14:05:20.457 [main] DEBUG com.UrbanLadder.BaseClass.Useable_Classes - Clicking Popup
14:05:20.574 [main] INFO  com.UrbanLadder.BaseClass.Useable_Classes - PopUp Closed
14:05:20.603 [main] DEBUG com.UrbanLadder.BaseClass.Useable_Classes - SearchBox Locate
14:05:20.639 [main] INFO  com.UrbanLadder.BaseClass.Useable_Classes - Searchbox Located Successfully
14:05:20.639 [main] DEBUG com.UrbanLadder.BaseClass.Useable_Classes - Read Excel Data for Bookshelves
14:05:21.229 [main] INFO  com.UrbanLadder.BaseClass.Useable_Classes - Bookshelves Keyword read from Excel Successfully
14:05:21.341 [main] DEBUG com.UrbanLadder.BaseClass.Useable_Classes - Click search button
14:05:24.265 [main] INFO  com.UrbanLadder.BaseClass.Useable_Classes - Search Button Clicked
14:05:26.558 [main] DEBUG com.UrbanLadder.BaseClass.Useable_Classes - Select Category For Bookshelves
14:05:26.760 [main] INFO  com.UrbanLadder.BaseClass.Useable_Classes - Category Selection for Bookshelves Done Successfully
14:05:28.807 [main] DEBUG com.UrbanLadder.BaseClass.Useable_Classes - Price Selection for Bookshelves
14:05:28.982 [main] INFO  com.UrbanLadder.BaseClass.Useable_Classes - Price Selected Successfully
14:05:33.062 [main] DEBUG com.UrbanLadder.BaseClass.Useable_Classes - Hover Over Storage Type For Bookshelves
14:05:33.210 [main] INFO  com.UrbanLadder.BaseClass.Useable_Classes - Hovered Over Storage Type Successfully
14:05:34.276 [main] DEBUG com.UrbanLadder.BaseClass.Useable_Classes - Select Open Storage for Bookshelves
14:05:34.395 [main] INFO  com.UrbanLadder.BaseClass.Useable_Classes - OpenStorage Selected Successfully
14:05:40.937 [main] DEBUG com.UrbanLadder.BaseClass.ReUseable_Classes - Take Screenshot
14:05:41.489 [main] INFO  com.UrbanLadder.BaseClass.ReUseable_Classes - Screenshot Taken Successfully
14:05:41.490 [main] DEBUG com.UrbanLadder.BaseClass.Useable_Classes - Read Bookshelves Details from WebPage
14:05:41.807 [main] INFO  com.UrbanLadder.BaseClass.Useable_Classes - Bookshelves Details read from WebPage Done Successfully
14:05:41.807 [main] DEBUG com.UrbanLadder.BaseClass.Useable_Classes - Write Bookshelves Details from WebPage to Excel File
14:05:41.900 [main] INFO  com.UrbanLadder.BaseClass.Useable_Classes - Bookshelves Details from WebPage written to Excel Successfully
14:05:41.900 [main] INFO  com.UrbanLadder.BaseClass.Useable_Classes - **************************************************************************
14:05:41.913 [main] INFO  com.UrbanLadder.BaseClass.Useable_Classes - *****Study Chairs*****
14:05:41.913 [main] DEBUG com.UrbanLadder.BaseClass.Useable_Classes - SearchBox Locate
14:05:41.931 [main] INFO  com.UrbanLadder.BaseClass.Useable_Classes - SearchBox Located Successfully
14:05:41.932 [main] DEBUG com.UrbanLadder.BaseClass.Useable_Classes - Clear the contents of search box
14:05:42.045 [main] INFO  com.UrbanLadder.BaseClass.Useable_Classes - Contents of Search Box cleared Successfully
14:05:42.045 [main] DEBUG com.UrbanLadder.BaseClass.Useable_Classes - Read Excel Data for Study Chairs
14:05:42.061 [main] INFO  com.UrbanLadder.BaseClass.Useable_Classes - Study Chair Keyword read from Excel Successful
14:05:42.148 [main] DEBUG com.UrbanLadder.BaseClass.Useable_Classes - Hit Enter to start search for Study Chairs
14:05:43.993 [main] INFO  com.UrbanLadder.BaseClass.Useable_Classes - Study Chair Searched Successfully
14:05:46.044 [main] DEBUG com.UrbanLadder.BaseClass.Useable_Classes - Category Selection for Study Chairs
14:05:48.222 [main] INFO  com.UrbanLadder.BaseClass.Useable_Classes - Study Chairs Category Selection Successful
14:05:52.314 [main] DEBUG com.UrbanLadder.BaseClass.ReUseable_Classes - Take Screenshot
14:05:52.804 [main] INFO  com.UrbanLadder.BaseClass.ReUseable_Classes - Screenshot Taken Successfully
14:05:52.805 [main] DEBUG com.UrbanLadder.BaseClass.Useable_Classes - Read Study Chair Details from WebPage
14:05:53.114 [main] INFO  com.UrbanLadder.BaseClass.Useable_Classes - Study Chair Details read from WebPage Done Successfully
14:05:53.114 [main] DEBUG com.UrbanLadder.BaseClass.Useable_Classes - Write Study Chair Details from WebPage to Excel File
14:05:53.138 [main] INFO  com.UrbanLadder.BaseClass.Useable_Classes - Study Chair Details from WebPage written to Excel Successfully
14:05:53.138 [main] DEBUG com.UrbanLadder.BaseClass.Useable_Classes - Close Browser
14:05:53.903 [main] INFO  com.UrbanLadder.BaseClass.Useable_Classes - Browser Closed Successfully
14:05:53.903 [main] INFO  com.UrbanLadder.BaseClass.Useable_Classes - **************************************************************************
14:05:54.204 [main] DEBUG com.UrbanLadder.BaseClass.Useable_Classes - Invoking Browser
14:05:54.204 [main] DEBUG com.UrbanLadder.BaseClass.Useable_Classes - Reading Properties File
14:05:54.204 [main] INFO  com.UrbanLadder.BaseClass.Useable_Classes - Properties File read Successfully
14:05:56.807 [main] INFO  com.UrbanLadder.BaseClass.Useable_Classes - Chrome Driver Invoked
14:05:56.808 [main] DEBUG com.UrbanLadder.BaseClass.Useable_Classes - Maximizing Window
14:05:57.943 [main] INFO  com.UrbanLadder.BaseClass.Useable_Classes - Window Maximized
14:05:57.963 [main] INFO  com.UrbanLadder.BaseClass.Useable_Classes - Browser Invoked Successfully
14:05:57.964 [main] DEBUG com.UrbanLadder.BaseClass.Useable_Classes - Hitting URL
14:06:04.751 [main] INFO  com.UrbanLadder.BaseClass.Useable_Classes - URL Opened
14:06:04.752 [main] INFO  com.UrbanLadder.BaseClass.Useable_Classes - Homepage Opened Successfully
14:06:04.768 [main] DEBUG com.UrbanLadder.BaseClass.Useable_Classes - Waiting for Popup
14:06:10.426 [main] INFO  com.UrbanLadder.BaseClass.Useable_Classes - PopUp appeared, WebDriverWait applied successfully
14:06:10.427 [main] DEBUG com.UrbanLadder.BaseClass.Useable_Classes - Clicking Popup
14:06:10.597 [main] INFO  com.UrbanLadder.BaseClass.Useable_Classes - PopUp Closed
14:06:10.621 [main] DEBUG com.UrbanLadder.BaseClass.Useable_Classes - SearchBox Locate
14:06:10.658 [main] INFO  com.UrbanLadder.BaseClass.Useable_Classes - SearchBox Located Successfully
14:06:10.658 [main] DEBUG com.UrbanLadder.BaseClass.Useable_Classes - Read Excel Data for Table
14:06:10.681 [main] INFO  com.UrbanLadder.BaseClass.Useable_Classes - Tables Keyword read from Excel Successful
14:06:10.849 [main] DEBUG com.UrbanLadder.BaseClass.Useable_Classes - Hit Enter to start search for Tables
14:06:13.764 [main] INFO  com.UrbanLadder.BaseClass.Useable_Classes - Tables Searched Successfully
14:06:13.764 [main] DEBUG com.UrbanLadder.BaseClass.Useable_Classes - Hover Over Category Type For Tables
14:06:14.032 [main] INFO  com.UrbanLadder.BaseClass.Useable_Classes - Hovered Over Category Type Successfully
14:06:14.032 [main] DEBUG com.UrbanLadder.BaseClass.Useable_Classes - Select Bedside Tables Category for Tables
14:06:15.451 [main] INFO  com.UrbanLadder.BaseClass.Useable_Classes - Bedside Tables Category Selected Sucessfully
14:06:17.453 [main] DEBUG com.UrbanLadder.BaseClass.Useable_Classes - Select Sort By Option for Bedside Tables
14:06:20.630 [main] INFO  com.UrbanLadder.BaseClass.Useable_Classes - Sort By Option - High To Low Selected Successfully for Bedside Tables
14:06:22.632 [main] DEBUG com.UrbanLadder.BaseClass.Useable_Classes - Refresh Web Page
14:06:22.658 [main] INFO  com.UrbanLadder.BaseClass.Useable_Classes - Refresh Web Page Successful
14:06:25.660 [main] DEBUG com.UrbanLadder.BaseClass.Useable_Classes - Select first Bedside Table that is displayed
14:06:25.918 [main] INFO  com.UrbanLadder.BaseClass.Useable_Classes - First Displayed Bedside Table Selected Successfully
14:06:25.918 [main] DEBUG com.UrbanLadder.BaseClass.Useable_Classes - Window Handle
14:06:25.975 [main] INFO  com.UrbanLadder.BaseClass.Useable_Classes - Window Handle Done Successfully
14:06:25.975 [main] DEBUG com.UrbanLadder.BaseClass.Useable_Classes - Read Bedside Table Details from WebPage
14:06:30.184 [main] INFO  com.UrbanLadder.BaseClass.Useable_Classes - Bedside Table Details read from WebPage Done Successfully
14:06:30.185 [main] DEBUG com.UrbanLadder.BaseClass.Useable_Classes - Write Bedside Table Details from WebPage to Excel File
14:06:30.262 [main] INFO  com.UrbanLadder.BaseClass.Useable_Classes - Bedside Table Details from WebPage written to Excel Successfully
14:06:32.262 [main] DEBUG com.UrbanLadder.BaseClass.Useable_Classes - Click on Add to Cart
14:06:36.435 [main] INFO  com.UrbanLadder.BaseClass.Useable_Classes - Add to Cart Clicked Successfully
14:06:36.435 [main] DEBUG com.UrbanLadder.BaseClass.Useable_Classes - Take Screenshot of Bedside Table
14:06:37.436 [main] DEBUG com.UrbanLadder.BaseClass.ReUseable_Classes - Take Screenshot
14:06:37.865 [main] INFO  com.UrbanLadder.BaseClass.ReUseable_Classes - Screenshot Taken Successfully
14:06:37.866 [main] INFO  com.UrbanLadder.BaseClass.Useable_Classes - Bedside Table Screenshot Taken Successfully
14:06:37.866 [main] DEBUG com.UrbanLadder.BaseClass.Useable_Classes - Close Browser
14:06:38.577 [main] INFO  com.UrbanLadder.BaseClass.Useable_Classes - Browser Closed Successfully
14:06:38.577 [main] INFO  com.UrbanLadder.BaseClass.Useable_Classes - **************************************************************************
14:06:38.655 [main] DEBUG com.UrbanLadder.BaseClass.Useable_Classes - Invoking Browser
14:06:38.655 [main] DEBUG com.UrbanLadder.BaseClass.Useable_Classes - Reading Properties File
14:06:38.656 [main] INFO  com.UrbanLadder.BaseClass.Useable_Classes - Properties File read Successfully
14:06:41.668 [main] INFO  com.UrbanLadder.BaseClass.Useable_Classes - Chrome Driver Invoked
14:06:41.668 [main] DEBUG com.UrbanLadder.BaseClass.Useable_Classes - Maximizing Window
14:06:42.841 [main] INFO  com.UrbanLadder.BaseClass.Useable_Classes - Window Maximized
14:06:42.916 [main] INFO  com.UrbanLadder.BaseClass.Useable_Classes - Browser Invoked Successfully
14:06:42.917 [main] DEBUG com.UrbanLadder.BaseClass.Useable_Classes - Hitting URL
14:07:08.873 [main] INFO  com.UrbanLadder.BaseClass.Useable_Classes - URL Opened
14:07:08.873 [main] INFO  com.UrbanLadder.BaseClass.Useable_Classes - Homepage Opened Successfully
14:07:08.875 [main] DEBUG com.UrbanLadder.BaseClass.Useable_Classes - Waiting for Popup
14:07:08.961 [main] INFO  com.UrbanLadder.BaseClass.Useable_Classes - PopUp appeared, WebDriverWait applied successfully
14:07:10.975 [main] DEBUG com.UrbanLadder.BaseClass.Useable_Classes - Enter the Email ID Detail
14:07:12.072 [main] INFO  com.UrbanLadder.BaseClass.Useable_Classes - Email ID Detail Entered Successfully
14:07:12.072 [main] DEBUG com.UrbanLadder.BaseClass.Useable_Classes - Click on Sign Up Button
14:07:12.183 [main] INFO  com.UrbanLadder.BaseClass.Useable_Classes - Sign Up Button Clicked Successfully
14:07:14.184 [main] DEBUG com.UrbanLadder.BaseClass.Useable_Classes - Take Screenshot For Invalid Email ID
14:07:15.185 [main] DEBUG com.UrbanLadder.BaseClass.ReUseable_Classes - Take Screenshot
14:07:15.708 [main] INFO  com.UrbanLadder.BaseClass.ReUseable_Classes - Screenshot Taken Successfully
14:07:15.708 [main] INFO  com.UrbanLadder.BaseClass.Useable_Classes - Invalid Email ID, Screen Shot taken Successfully
14:07:15.708 [main] DEBUG com.UrbanLadder.BaseClass.Useable_Classes - Retrieve error message for Invalid Email
14:07:15.745 [main] INFO  com.UrbanLadder.BaseClass.Useable_Classes - Error message for Invalid Email Retrieved Successfully
14:07:15.745 [main] DEBUG com.UrbanLadder.BaseClass.Useable_Classes - Write Error message for Invalid Email ID from WebPage to Excel File
14:07:15.757 [main] INFO  com.UrbanLadder.BaseClass.Useable_Classes - Error message for Invalid Email ID from WebPage written to Excel File Successfully
14:07:16.839 [main] DEBUG com.UrbanLadder.BaseClass.Useable_Classes - Close Browser
14:07:17.638 [main] INFO  com.UrbanLadder.BaseClass.Useable_Classes - Browser Closed Successfully
14:07:17.638 [main] INFO  com.UrbanLadder.BaseClass.Useable_Classes - **************************************************************************
14:07:17.661 [main] DEBUG com.UrbanLadder.BaseClass.Useable_Classes - Invoking Browser
14:07:17.662 [main] DEBUG com.UrbanLadder.BaseClass.Useable_Classes - Reading Properties File
14:07:17.662 [main] INFO  com.UrbanLadder.BaseClass.Useable_Classes - Properties File read Successfully
14:07:20.241 [main] INFO  com.UrbanLadder.BaseClass.Useable_Classes - Chrome Driver Invoked
14:07:20.241 [main] DEBUG com.UrbanLadder.BaseClass.Useable_Classes - Maximizing Window
14:07:21.384 [main] INFO  com.UrbanLadder.BaseClass.Useable_Classes - Window Maximized
14:07:21.406 [main] INFO  com.UrbanLadder.BaseClass.Useable_Classes - Browser Invoked Successfully
14:07:21.406 [main] DEBUG com.UrbanLadder.BaseClass.Useable_Classes - Hitting URL
14:07:27.121 [main] INFO  com.UrbanLadder.BaseClass.Useable_Classes - URL Opened
14:07:27.122 [main] INFO  com.UrbanLadder.BaseClass.Useable_Classes - Homepage Opened Successfully
14:07:27.122 [main] DEBUG com.UrbanLadder.BaseClass.Useable_Classes - Waiting for Popup
14:07:34.813 [main] INFO  com.UrbanLadder.BaseClass.Useable_Classes - PopUp appeared, WebDriverWait applied successfully
14:07:34.813 [main] DEBUG com.UrbanLadder.BaseClass.Useable_Classes - Clicking Popup
14:07:34.908 [main] INFO  com.UrbanLadder.BaseClass.Useable_Classes - PopUp Closed
14:07:34.938 [main] DEBUG com.UrbanLadder.BaseClass.Useable_Classes - Click on Track Order
14:07:36.557 [main] INFO  com.UrbanLadder.BaseClass.Useable_Classes - Track Order Clicked Successfully
14:07:36.557 [main] DEBUG com.UrbanLadder.BaseClass.Useable_Classes - Enter the Order No Detail
14:07:37.685 [main] INFO  com.UrbanLadder.BaseClass.Useable_Classes - Order No Detail Entered Successfully
14:07:37.686 [main] DEBUG com.UrbanLadder.BaseClass.Useable_Classes - Enter the Phone No Detail
14:07:38.793 [main] INFO  com.UrbanLadder.BaseClass.Useable_Classes - Phone No Detail Entered Successfully
14:07:38.793 [main] DEBUG com.UrbanLadder.BaseClass.Useable_Classes - Click on Submit Button
14:07:38.921 [main] INFO  com.UrbanLadder.BaseClass.Useable_Classes - Submit Button Clicked Successfully
14:07:40.922 [main] DEBUG com.UrbanLadder.BaseClass.Useable_Classes - Take Screenshot For Invalid Phone No
14:07:41.922 [main] DEBUG com.UrbanLadder.BaseClass.ReUseable_Classes - Take Screenshot
14:07:42.304 [main] INFO  com.UrbanLadder.BaseClass.ReUseable_Classes - Screenshot Taken Successfully
14:07:42.304 [main] INFO  com.UrbanLadder.BaseClass.Useable_Classes - Invalid Phone No, Screen Shot taken Successfully
14:07:42.304 [main] DEBUG com.UrbanLadder.BaseClass.Useable_Classes - Retrieve error message for Invalid Phone No
14:07:42.373 [main] INFO  com.UrbanLadder.BaseClass.Useable_Classes - Error message for Invalid Phone No Retrieved Successfully
14:07:42.373 [main] DEBUG com.UrbanLadder.BaseClass.Useable_Classes - Write Error message for Invalid Phone No from WebPage to Excel File
14:07:42.404 [main] INFO  com.UrbanLadder.BaseClass.Useable_Classes - Error message for Invalid Phone No from WebPage written to Excel File Successfully
14:07:43.473 [main] DEBUG com.UrbanLadder.BaseClass.Useable_Classes - Close Browser
14:07:44.280 [main] INFO  com.UrbanLadder.BaseClass.Useable_Classes - Browser Closed Successfully
14:07:44.280 [main] INFO  com.UrbanLadder.BaseClass.Useable_Classes - **************************************************************************
